Removed Pin From Net: NetName=SDA Pin=P1-4
Removed Pin From Net: NetName=GND Pin=P1-5
Removed Pin From Net: NetName=VCC Pin=P1-6
Removed Pin From Net: NetName=SDA Pin=P2-13
Removed Pin From Net: NetName=VCC Pin=P6-1
Removed Pin From Net: NetName=GND Pin=P6-2
Removed Pin From Net: NetName=SDA Pin=P6-4
Change Component Comment : Designator=P5 Old Comment=BNO055 L New Comment=BNO055 R
Change Component Comment : Designator=P6 Old Comment=BNO055 R New Comment=BNO055 L
Change Component Designator: OldDesignator=U2 NewDesignator=U
Added Pin To Net: NetName=VCC Pin=P1-1
Added Pin To Net: NetName=GND Pin=P1-2
Added Pin To Net: NetName=SDA Pin=P1-3
Added Pin To Net: NetName=SDA Pin=P3-12
Added Pin To Net: NetName=SDA Pin=P6-2
Added Pin To Net: NetName=GND Pin=P6-4
Added Pin To Net: NetName=VCC Pin=P6-5
Added Pin To Net: NetName=SCK Pin=P1-4
Added Pin To Net: NetName=SCK Pin=P3-15
Added Pin To Net: NetName=SCK Pin=P6-3
Added Net: Name=SCK
Added Room: Name=First_PCB_dip
